<?xml version="1.0" encoding="UTF-8"?>
<testng-results ignored="4" total="5" passed="1" failed="0" skipped="0">
  <reporter-output>
    <line>
      <![CDATA[No. of rows :: 8]]>
    </line>
    <line>
      <![CDATA[Admin login successfull with user admin:: Test Pass]]>
    </line>
    <line>
      <![CDATA[Incorrect user ID or password :: Test Fail]]>
    </line>
    <line>
      <![CDATA[Incorrect user ID or password :: Test Fail]]>
    </line>
    <line>
      <![CDATA[Incorrect user ID or password :: Test Fail]]>
    </line>
    <line>
      <![CDATA[ :: Test Fail]]>
    </line>
    <line>
      <![CDATA[Please enter password :: Test Fail]]>
    </line>
    <line>
      <![CDATA[Admin login successfull with user admin:: Test Pass]]>
    </line>
  </reporter-output>
  <suite started-at="2024-10-06T16:15:23 IST" name="Default suite" finished-at="2024-10-06T16:15:33 IST" duration-ms="10274">
    <groups>
    </groups>
    <test started-at="2024-10-06T16:15:23 IST" name="Default test" finished-at="2024-10-06T16:15:33 IST" duration-ms="10274">
      <class name="commonFunctions.FunctionLibrary">
        <test-method is-config="true" signature="setUp()[pri:0, instance:commonFunctions.FunctionLibrary@550dbc7a]" started-at="2024-10-06T16:15:23 IST" name="setUp" finished-at="2024-10-06T16:15:24 IST" duration-ms="1363" status="PASS">
          <reporter-output>
          </reporter-output>
        </test-method> <!-- setUp -->
        <test-method is-config="true" signature="tearDown()[pri:0, instance:commonFunctions.FunctionLibrary@550dbc7a]" started-at="2024-10-06T16:15:33 IST" name="tearDown" finished-at="2024-10-06T16:15:33 IST" duration-ms="151" status="PASS">
          <reporter-output>
          </reporter-output>
        </test-method> <!-- tearDown -->
      </class> <!-- commonFunctions.FunctionLibrary -->
      <class name="driverFactory.DriverScript">
        <test-method signature="adminLoginValidation()[pri:0, instance:driverFactory.DriverScript@4310d43]" started-at="2024-10-06T16:15:24 IST" name="adminLoginValidation" finished-at="2024-10-06T16:15:33 IST" duration-ms="8740" status="PASS">
          <reporter-output>
            <line>
              <![CDATA[No. of rows :: 8]]>
            </line>
            <line>
              <![CDATA[Admin login successfull with user admin:: Test Pass]]>
            </line>
            <line>
              <![CDATA[Incorrect user ID or password :: Test Fail]]>
            </line>
            <line>
              <![CDATA[Incorrect user ID or password :: Test Fail]]>
            </line>
            <line>
              <![CDATA[Incorrect user ID or password :: Test Fail]]>
            </line>
            <line>
              <![CDATA[ :: Test Fail]]>
            </line>
            <line>
              <![CDATA[Please enter password :: Test Fail]]>
            </line>
            <line>
              <![CDATA[Admin login successfull with user admin:: Test Pass]]>
            </line>
          </reporter-output>
        </test-method> <!-- adminLoginValidation -->
      </class> <!-- driverFactory.DriverScript -->
    </test> <!-- Default test -->
  </suite> <!-- Default suite -->
</testng-results>
